2021-04-02 00:15:04 error: uncaughtException: listen EADDRINUSE: address already in use :::3000
Error: listen EADDRINUSE: address already in use :::3000
    at Server.setupListenHandle [as _listen2] (net.js:1226:14)
    at listenInCluster (net.js:1274:12)
    at Server.listen (net.js:1362:7)
    at Function.listen (/Users/luismanzanero/Projects/EcoCrypt/webApi/node_modules/express/lib/application.js:618:24)
    at App.listen (/Users/luismanzanero/Projects/EcoCrypt/webApi/src/app.ts:34:14)
    at Object.<anonymous> (/Users/luismanzanero/Projects/EcoCrypt/webApi/src/server.ts:12:5)
    at Module._compile (internal/modules/cjs/loader.js:759:30)
    at Module.m._compile (/Users/luismanzanero/Projects/EcoCrypt/webApi/node_modules/ts-node/src/index.ts:1056:23)
    at Module._extensions..js (internal/modules/cjs/loader.js:770:10)
    at Object.require.extensions.<computed> [as .ts] (/Users/luismanzanero/Projects/EcoCrypt/webApi/node_modules/ts-node/src/index.ts:1059:12)
    at Module.load (internal/modules/cjs/loader.js:628:32)
    at Function.Module._load (internal/modules/cjs/loader.js:555:12)
    at Function.Module.runMain (internal/modules/cjs/loader.js:824:10)
    at main (/Users/luismanzanero/Projects/EcoCrypt/webApi/node_modules/ts-node/src/bin.ts:198:14)
    at Object.<anonymous> (/Users/luismanzanero/Projects/EcoCrypt/webApi/node_modules/ts-node/src/bin.ts:288:3)
    at Module._compile (internal/modules/cjs/loader.js:759:30)
2021-04-02 00:15:04 error: 🔴 Unable to connect to the database: MongoParseError: No username provided in authority section.
2021-04-02 00:15:58 error: uncaughtException: listen EADDRINUSE: address already in use :::3000
Error: listen EADDRINUSE: address already in use :::3000
    at Server.setupListenHandle [as _listen2] (net.js:1226:14)
    at listenInCluster (net.js:1274:12)
    at Server.listen (net.js:1362:7)
    at Function.listen (/Users/luismanzanero/Projects/EcoCrypt/webApi/node_modules/express/lib/application.js:618:24)
    at App.listen (/Users/luismanzanero/Projects/EcoCrypt/webApi/src/app.ts:34:14)
    at Object.<anonymous> (/Users/luismanzanero/Projects/EcoCrypt/webApi/src/server.ts:12:5)
    at Module._compile (internal/modules/cjs/loader.js:759:30)
    at Module.m._compile (/Users/luismanzanero/Projects/EcoCrypt/webApi/node_modules/ts-node/src/index.ts:1056:23)
    at Module._extensions..js (internal/modules/cjs/loader.js:770:10)
    at Object.require.extensions.<computed> [as .ts] (/Users/luismanzanero/Projects/EcoCrypt/webApi/node_modules/ts-node/src/index.ts:1059:12)
    at Module.load (internal/modules/cjs/loader.js:628:32)
    at Function.Module._load (internal/modules/cjs/loader.js:555:12)
    at Function.Module.runMain (internal/modules/cjs/loader.js:824:10)
    at main (/Users/luismanzanero/Projects/EcoCrypt/webApi/node_modules/ts-node/src/bin.ts:198:14)
    at Object.<anonymous> (/Users/luismanzanero/Projects/EcoCrypt/webApi/node_modules/ts-node/src/bin.ts:288:3)
    at Module._compile (internal/modules/cjs/loader.js:759:30)
2021-04-02 00:15:58 error: 🔴 Unable to connect to the database: MongoParseError: No username provided in authority section.
2021-04-02 00:17:59 error: uncaughtException: listen EADDRINUSE: address already in use :::3000
Error: listen EADDRINUSE: address already in use :::3000
    at Server.setupListenHandle [as _listen2] (net.js:1226:14)
    at listenInCluster (net.js:1274:12)
    at Server.listen (net.js:1362:7)
    at Function.listen (/Users/luismanzanero/Projects/EcoCrypt/webApi/node_modules/express/lib/application.js:618:24)
    at App.listen (/Users/luismanzanero/Projects/EcoCrypt/webApi/src/app.ts:34:14)
    at Object.<anonymous> (/Users/luismanzanero/Projects/EcoCrypt/webApi/src/server.ts:12:5)
    at Module._compile (internal/modules/cjs/loader.js:759:30)
    at Module.m._compile (/Users/luismanzanero/Projects/EcoCrypt/webApi/node_modules/ts-node/src/index.ts:1056:23)
    at Module._extensions..js (internal/modules/cjs/loader.js:770:10)
    at Object.require.extensions.<computed> [as .ts] (/Users/luismanzanero/Projects/EcoCrypt/webApi/node_modules/ts-node/src/index.ts:1059:12)
    at Module.load (internal/modules/cjs/loader.js:628:32)
    at Function.Module._load (internal/modules/cjs/loader.js:555:12)
    at Function.Module.runMain (internal/modules/cjs/loader.js:824:10)
    at main (/Users/luismanzanero/Projects/EcoCrypt/webApi/node_modules/ts-node/src/bin.ts:198:14)
    at Object.<anonymous> (/Users/luismanzanero/Projects/EcoCrypt/webApi/node_modules/ts-node/src/bin.ts:288:3)
    at Module._compile (internal/modules/cjs/loader.js:759:30)
2021-04-02 00:19:26 error: uncaughtException: listen EADDRINUSE: address already in use :::3000
Error: listen EADDRINUSE: address already in use :::3000
    at Server.setupListenHandle [as _listen2] (net.js:1226:14)
    at listenInCluster (net.js:1274:12)
    at Server.listen (net.js:1362:7)
    at Function.listen (/Users/luismanzanero/Projects/EcoCrypt/webApi/node_modules/express/lib/application.js:618:24)
    at App.listen (/Users/luismanzanero/Projects/EcoCrypt/webApi/src/app.ts:34:14)
    at Object.<anonymous> (/Users/luismanzanero/Projects/EcoCrypt/webApi/src/server.ts:12:5)
    at Module._compile (internal/modules/cjs/loader.js:759:30)
    at Module.m._compile (/Users/luismanzanero/Projects/EcoCrypt/webApi/node_modules/ts-node/src/index.ts:1056:23)
    at Module._extensions..js (internal/modules/cjs/loader.js:770:10)
    at Object.require.extensions.<computed> [as .ts] (/Users/luismanzanero/Projects/EcoCrypt/webApi/node_modules/ts-node/src/index.ts:1059:12)
    at Module.load (internal/modules/cjs/loader.js:628:32)
    at Function.Module._load (internal/modules/cjs/loader.js:555:12)
    at Function.Module.runMain (internal/modules/cjs/loader.js:824:10)
    at main (/Users/luismanzanero/Projects/EcoCrypt/webApi/node_modules/ts-node/src/bin.ts:198:14)
    at Object.<anonymous> (/Users/luismanzanero/Projects/EcoCrypt/webApi/node_modules/ts-node/src/bin.ts:288:3)
    at Module._compile (internal/modules/cjs/loader.js:759:30)
2021-04-02 00:22:11 error: uncaughtException: listen EADDRINUSE: address already in use :::3000
Error: listen EADDRINUSE: address already in use :::3000
    at Server.setupListenHandle [as _listen2] (net.js:1226:14)
    at listenInCluster (net.js:1274:12)
    at Server.listen (net.js:1362:7)
    at Function.listen (/Users/luismanzanero/Projects/EcoCrypt/webApi/node_modules/express/lib/application.js:618:24)
    at App.listen (/Users/luismanzanero/Projects/EcoCrypt/webApi/src/app.ts:34:14)
    at Object.<anonymous> (/Users/luismanzanero/Projects/EcoCrypt/webApi/src/server.ts:12:5)
    at Module._compile (internal/modules/cjs/loader.js:759:30)
    at Module.m._compile (/Users/luismanzanero/Projects/EcoCrypt/webApi/node_modules/ts-node/src/index.ts:1056:23)
    at Module._extensions..js (internal/modules/cjs/loader.js:770:10)
    at Object.require.extensions.<computed> [as .ts] (/Users/luismanzanero/Projects/EcoCrypt/webApi/node_modules/ts-node/src/index.ts:1059:12)
    at Module.load (internal/modules/cjs/loader.js:628:32)
    at Function.Module._load (internal/modules/cjs/loader.js:555:12)
    at Function.Module.runMain (internal/modules/cjs/loader.js:824:10)
    at main (/Users/luismanzanero/Projects/EcoCrypt/webApi/node_modules/ts-node/src/bin.ts:198:14)
    at Object.<anonymous> (/Users/luismanzanero/Projects/EcoCrypt/webApi/node_modules/ts-node/src/bin.ts:288:3)
    at Module._compile (internal/modules/cjs/loader.js:759:30)
2021-04-02 00:22:22 error: uncaughtException: listen EADDRINUSE: address already in use :::3000
Error: listen EADDRINUSE: address already in use :::3000
    at Server.setupListenHandle [as _listen2] (net.js:1226:14)
    at listenInCluster (net.js:1274:12)
    at Server.listen (net.js:1362:7)
    at Function.listen (/Users/luismanzanero/Projects/EcoCrypt/webApi/node_modules/express/lib/application.js:618:24)
    at App.listen (/Users/luismanzanero/Projects/EcoCrypt/webApi/src/app.ts:34:14)
    at Object.<anonymous> (/Users/luismanzanero/Projects/EcoCrypt/webApi/src/server.ts:12:5)
    at Module._compile (internal/modules/cjs/loader.js:759:30)
    at Module.m._compile (/Users/luismanzanero/Projects/EcoCrypt/webApi/node_modules/ts-node/src/index.ts:1056:23)
    at Module._extensions..js (internal/modules/cjs/loader.js:770:10)
    at Object.require.extensions.<computed> [as .ts] (/Users/luismanzanero/Projects/EcoCrypt/webApi/node_modules/ts-node/src/index.ts:1059:12)
    at Module.load (internal/modules/cjs/loader.js:628:32)
    at Function.Module._load (internal/modules/cjs/loader.js:555:12)
    at Function.Module.runMain (internal/modules/cjs/loader.js:824:10)
    at main (/Users/luismanzanero/Projects/EcoCrypt/webApi/node_modules/ts-node/src/bin.ts:198:14)
    at Object.<anonymous> (/Users/luismanzanero/Projects/EcoCrypt/webApi/node_modules/ts-node/src/bin.ts:288:3)
    at Module._compile (internal/modules/cjs/loader.js:759:30)
2021-04-02 00:22:50 error: uncaughtException: listen EADDRINUSE: address already in use :::3000
Error: listen EADDRINUSE: address already in use :::3000
    at Server.setupListenHandle [as _listen2] (net.js:1226:14)
    at listenInCluster (net.js:1274:12)
    at Server.listen (net.js:1362:7)
    at Function.listen (/Users/luismanzanero/Projects/EcoCrypt/webApi/node_modules/express/lib/application.js:618:24)
    at App.listen (/Users/luismanzanero/Projects/EcoCrypt/webApi/src/app.ts:34:14)
    at Object.<anonymous> (/Users/luismanzanero/Projects/EcoCrypt/webApi/src/server.ts:12:5)
    at Module._compile (internal/modules/cjs/loader.js:759:30)
    at Module.m._compile (/Users/luismanzanero/Projects/EcoCrypt/webApi/node_modules/ts-node/src/index.ts:1056:23)
    at Module._extensions..js (internal/modules/cjs/loader.js:770:10)
    at Object.require.extensions.<computed> [as .ts] (/Users/luismanzanero/Projects/EcoCrypt/webApi/node_modules/ts-node/src/index.ts:1059:12)
    at Module.load (internal/modules/cjs/loader.js:628:32)
    at Function.Module._load (internal/modules/cjs/loader.js:555:12)
    at Function.Module.runMain (internal/modules/cjs/loader.js:824:10)
    at main (/Users/luismanzanero/Projects/EcoCrypt/webApi/node_modules/ts-node/src/bin.ts:198:14)
    at Object.<anonymous> (/Users/luismanzanero/Projects/EcoCrypt/webApi/node_modules/ts-node/src/bin.ts:288:3)
    at Module._compile (internal/modules/cjs/loader.js:759:30)
2021-04-02 00:25:13 error: uncaughtException: listen EADDRINUSE: address already in use :::3000
Error: listen EADDRINUSE: address already in use :::3000
    at Server.setupListenHandle [as _listen2] (net.js:1226:14)
    at listenInCluster (net.js:1274:12)
    at Server.listen (net.js:1362:7)
    at Function.listen (/Users/luismanzanero/Projects/EcoCrypt/webApi/node_modules/express/lib/application.js:618:24)
    at App.listen (/Users/luismanzanero/Projects/EcoCrypt/webApi/src/app.ts:34:14)
    at Object.<anonymous> (/Users/luismanzanero/Projects/EcoCrypt/webApi/src/server.ts:12:5)
    at Module._compile (internal/modules/cjs/loader.js:759:30)
    at Module.m._compile (/Users/luismanzanero/Projects/EcoCrypt/webApi/node_modules/ts-node/src/index.ts:1056:23)
    at Module._extensions..js (internal/modules/cjs/loader.js:770:10)
    at Object.require.extensions.<computed> [as .ts] (/Users/luismanzanero/Projects/EcoCrypt/webApi/node_modules/ts-node/src/index.ts:1059:12)
    at Module.load (internal/modules/cjs/loader.js:628:32)
    at Function.Module._load (internal/modules/cjs/loader.js:555:12)
    at Function.Module.runMain (internal/modules/cjs/loader.js:824:10)
    at main (/Users/luismanzanero/Projects/EcoCrypt/webApi/node_modules/ts-node/src/bin.ts:198:14)
    at Object.<anonymous> (/Users/luismanzanero/Projects/EcoCrypt/webApi/node_modules/ts-node/src/bin.ts:288:3)
    at Module._compile (internal/modules/cjs/loader.js:759:30)
2021-04-02 00:26:52 error: uncaughtException: listen EADDRINUSE: address already in use :::3000
Error: listen EADDRINUSE: address already in use :::3000
    at Server.setupListenHandle [as _listen2] (net.js:1226:14)
    at listenInCluster (net.js:1274:12)
    at Server.listen (net.js:1362:7)
    at Function.listen (/Users/luismanzanero/Projects/EcoCrypt/webApi/node_modules/express/lib/application.js:618:24)
    at App.listen (/Users/luismanzanero/Projects/EcoCrypt/webApi/src/app.ts:34:14)
    at Object.<anonymous> (/Users/luismanzanero/Projects/EcoCrypt/webApi/src/server.ts:12:5)
    at Module._compile (internal/modules/cjs/loader.js:759:30)
    at Module.m._compile (/Users/luismanzanero/Projects/EcoCrypt/webApi/node_modules/ts-node/src/index.ts:1056:23)
    at Module._extensions..js (internal/modules/cjs/loader.js:770:10)
    at Object.require.extensions.<computed> [as .ts] (/Users/luismanzanero/Projects/EcoCrypt/webApi/node_modules/ts-node/src/index.ts:1059:12)
    at Module.load (internal/modules/cjs/loader.js:628:32)
    at Function.Module._load (internal/modules/cjs/loader.js:555:12)
    at Function.Module.runMain (internal/modules/cjs/loader.js:824:10)
    at main (/Users/luismanzanero/Projects/EcoCrypt/webApi/node_modules/ts-node/src/bin.ts:198:14)
    at Object.<anonymous> (/Users/luismanzanero/Projects/EcoCrypt/webApi/node_modules/ts-node/src/bin.ts:288:3)
    at Module._compile (internal/modules/cjs/loader.js:759:30)
2021-04-02 00:30:04 error: uncaughtException: listen EADDRINUSE: address already in use :::3000
Error: listen EADDRINUSE: address already in use :::3000
    at Server.setupListenHandle [as _listen2] (net.js:1226:14)
    at listenInCluster (net.js:1274:12)
    at Server.listen (net.js:1362:7)
    at Function.listen (/Users/luismanzanero/Projects/EcoCrypt/webApi/node_modules/express/lib/application.js:618:24)
    at App.listen (/Users/luismanzanero/Projects/EcoCrypt/webApi/src/app.ts:34:14)
    at Object.<anonymous> (/Users/luismanzanero/Projects/EcoCrypt/webApi/src/server.ts:12:5)
    at Module._compile (internal/modules/cjs/loader.js:759:30)
    at Module.m._compile (/Users/luismanzanero/Projects/EcoCrypt/webApi/node_modules/ts-node/src/index.ts:1056:23)
    at Module._extensions..js (internal/modules/cjs/loader.js:770:10)
    at Object.require.extensions.<computed> [as .ts] (/Users/luismanzanero/Projects/EcoCrypt/webApi/node_modules/ts-node/src/index.ts:1059:12)
    at Module.load (internal/modules/cjs/loader.js:628:32)
    at Function.Module._load (internal/modules/cjs/loader.js:555:12)
    at Function.Module.runMain (internal/modules/cjs/loader.js:824:10)
    at main (/Users/luismanzanero/Projects/EcoCrypt/webApi/node_modules/ts-node/src/bin.ts:198:14)
    at Object.<anonymous> (/Users/luismanzanero/Projects/EcoCrypt/webApi/node_modules/ts-node/src/bin.ts:288:3)
    at Module._compile (internal/modules/cjs/loader.js:759:30)
2021-04-02 00:37:25 error: uncaughtException: listen EADDRINUSE: address already in use :::3000
Error: listen EADDRINUSE: address already in use :::3000
    at Server.setupListenHandle [as _listen2] (net.js:1226:14)
    at listenInCluster (net.js:1274:12)
    at Server.listen (net.js:1362:7)
    at Function.listen (/Users/luismanzanero/Projects/EcoCrypt/webApi/node_modules/express/lib/application.js:618:24)
    at App.listen (/Users/luismanzanero/Projects/EcoCrypt/webApi/src/app.ts:34:14)
    at Object.<anonymous> (/Users/luismanzanero/Projects/EcoCrypt/webApi/src/server.ts:12:5)
    at Module._compile (internal/modules/cjs/loader.js:759:30)
    at Module.m._compile (/Users/luismanzanero/Projects/EcoCrypt/webApi/node_modules/ts-node/src/index.ts:1056:23)
    at Module._extensions..js (internal/modules/cjs/loader.js:770:10)
    at Object.require.extensions.<computed> [as .ts] (/Users/luismanzanero/Projects/EcoCrypt/webApi/node_modules/ts-node/src/index.ts:1059:12)
    at Module.load (internal/modules/cjs/loader.js:628:32)
    at Function.Module._load (internal/modules/cjs/loader.js:555:12)
    at Function.Module.runMain (internal/modules/cjs/loader.js:824:10)
    at main (/Users/luismanzanero/Projects/EcoCrypt/webApi/node_modules/ts-node/src/bin.ts:198:14)
    at Object.<anonymous> (/Users/luismanzanero/Projects/EcoCrypt/webApi/node_modules/ts-node/src/bin.ts:288:3)
    at Module._compile (internal/modules/cjs/loader.js:759:30)
2021-04-02 00:37:40 error: uncaughtException: listen EADDRINUSE: address already in use :::3000
Error: listen EADDRINUSE: address already in use :::3000
    at Server.setupListenHandle [as _listen2] (net.js:1226:14)
    at listenInCluster (net.js:1274:12)
    at Server.listen (net.js:1362:7)
    at Function.listen (/Users/luismanzanero/Projects/EcoCrypt/webApi/node_modules/express/lib/application.js:618:24)
    at App.listen (/Users/luismanzanero/Projects/EcoCrypt/webApi/src/app.ts:34:14)
    at Object.<anonymous> (/Users/luismanzanero/Projects/EcoCrypt/webApi/src/server.ts:12:5)
    at Module._compile (internal/modules/cjs/loader.js:759:30)
    at Module.m._compile (/Users/luismanzanero/Projects/EcoCrypt/webApi/node_modules/ts-node/src/index.ts:1056:23)
    at Module._extensions..js (internal/modules/cjs/loader.js:770:10)
    at Object.require.extensions.<computed> [as .ts] (/Users/luismanzanero/Projects/EcoCrypt/webApi/node_modules/ts-node/src/index.ts:1059:12)
    at Module.load (internal/modules/cjs/loader.js:628:32)
    at Function.Module._load (internal/modules/cjs/loader.js:555:12)
    at Function.Module.runMain (internal/modules/cjs/loader.js:824:10)
    at main (/Users/luismanzanero/Projects/EcoCrypt/webApi/node_modules/ts-node/src/bin.ts:198:14)
    at Object.<anonymous> (/Users/luismanzanero/Projects/EcoCrypt/webApi/node_modules/ts-node/src/bin.ts:288:3)
    at Module._compile (internal/modules/cjs/loader.js:759:30)
2021-04-02 00:37:47 error: uncaughtException: listen EADDRINUSE: address already in use :::3000
Error: listen EADDRINUSE: address already in use :::3000
    at Server.setupListenHandle [as _listen2] (net.js:1226:14)
    at listenInCluster (net.js:1274:12)
    at Server.listen (net.js:1362:7)
    at Function.listen (/Users/luismanzanero/Projects/EcoCrypt/webApi/node_modules/express/lib/application.js:618:24)
    at App.listen (/Users/luismanzanero/Projects/EcoCrypt/webApi/src/app.ts:34:14)
    at Object.<anonymous> (/Users/luismanzanero/Projects/EcoCrypt/webApi/src/server.ts:12:5)
    at Module._compile (internal/modules/cjs/loader.js:759:30)
    at Module.m._compile (/Users/luismanzanero/Projects/EcoCrypt/webApi/node_modules/ts-node/src/index.ts:1056:23)
    at Module._extensions..js (internal/modules/cjs/loader.js:770:10)
    at Object.require.extensions.<computed> [as .ts] (/Users/luismanzanero/Projects/EcoCrypt/webApi/node_modules/ts-node/src/index.ts:1059:12)
    at Module.load (internal/modules/cjs/loader.js:628:32)
    at Function.Module._load (internal/modules/cjs/loader.js:555:12)
    at Function.Module.runMain (internal/modules/cjs/loader.js:824:10)
    at main (/Users/luismanzanero/Projects/EcoCrypt/webApi/node_modules/ts-node/src/bin.ts:198:14)
    at Object.<anonymous> (/Users/luismanzanero/Projects/EcoCrypt/webApi/node_modules/ts-node/src/bin.ts:288:3)
    at Module._compile (internal/modules/cjs/loader.js:759:30)
2021-04-02 00:39:25 error: 🔴 Unable to connect to the database: MongooseServerSelectionError: Could not connect to any servers in your MongoDB Atlas cluster. One common reason is that you're trying to access the database from an IP that isn't whitelisted. Make sure your current IP address is on your Atlas cluster's IP whitelist: https://docs.atlas.mongodb.com/security-whitelist/.
2021-04-02 00:41:15 error: 🔴 Unable to connect to the database: MongooseServerSelectionError: Could not connect to any servers in your MongoDB Atlas cluster. One common reason is that you're trying to access the database from an IP that isn't whitelisted. Make sure your current IP address is on your Atlas cluster's IP whitelist: https://docs.atlas.mongodb.com/security-whitelist/.
2021-04-02 00:49:22 error: 🔴 Unable to connect to the database: MongoParseError: Invalid connection string.
2021-04-02 00:50:55 error: 🔴 Unable to connect to the database: MongoParseError: Invalid connection string.
2021-04-02 01:00:13 error: 🔴 Unable to connect to the database: MongoParseError: Invalid connection string.
2021-04-02 19:02:04 error: 🔴 Unable to connect to the database: MongooseServerSelectionError: Could not connect to any servers in your MongoDB Atlas cluster. One common reason is that you're trying to access the database from an IP that isn't whitelisted. Make sure your current IP address is on your Atlas cluster's IP whitelist: https://docs.atlas.mongodb.com/security-whitelist/.
2021-04-02 19:04:08 error: 🔴 Unable to connect to the database: MongooseServerSelectionError: Could not connect to any servers in your MongoDB Atlas cluster. One common reason is that you're trying to access the database from an IP that isn't whitelisted. Make sure your current IP address is on your Atlas cluster's IP whitelist: https://docs.atlas.mongodb.com/security-whitelist/.
2021-04-02 19:05:29 error: 🔴 Unable to connect to the database: MongooseServerSelectionError: Could not connect to any servers in your MongoDB Atlas cluster. One common reason is that you're trying to access the database from an IP that isn't whitelisted. Make sure your current IP address is on your Atlas cluster's IP whitelist: https://docs.atlas.mongodb.com/security-whitelist/.
2021-04-02 19:08:17 error: 🔴 Unable to connect to the database: MongooseServerSelectionError: Could not connect to any servers in your MongoDB Atlas cluster. One common reason is that you're trying to access the database from an IP that isn't whitelisted. Make sure your current IP address is on your Atlas cluster's IP whitelist: https://docs.atlas.mongodb.com/security-whitelist/.
2021-04-02 19:11:06 error: 🔴 Unable to connect to the database: MongooseServerSelectionError: Could not connect to any servers in your MongoDB Atlas cluster. One common reason is that you're trying to access the database from an IP that isn't whitelisted. Make sure your current IP address is on your Atlas cluster's IP whitelist: https://docs.atlas.mongodb.com/security-whitelist/.
2021-04-02 19:19:45 error: 🔴 Unable to connect to the database: MongoParseError: Invalid connection string.
