2021-04-02 00:15:04 error: 🔴 Unable to connect to the database: MongoParseError: No username provided in authority section.
2021-04-02 00:15:58 error: 🔴 Unable to connect to the database: MongoParseError: No username provided in authority section.
2021-04-02 00:38:55 info: 🚀 App listening on the port 3000
2021-04-02 00:39:05 info: [0mGET / [32m200[0m 5.764 ms - 2[0m
2021-04-02 00:39:05 info: [0mGET /favicon.ico [33m404[0m 2.554 ms - 150[0m
2021-04-02 00:39:25 error: 🔴 Unable to connect to the database: MongooseServerSelectionError: Could not connect to any servers in your MongoDB Atlas cluster. One common reason is that you're trying to access the database from an IP that isn't whitelisted. Make sure your current IP address is on your Atlas cluster's IP whitelist: https://docs.atlas.mongodb.com/security-whitelist/.
2021-04-02 00:39:54 info: [0mGET /api-docs [36m301[0m 1.971 ms - 183[0m
2021-04-02 00:39:54 info: [0mGET /api-docs/ [32m200[0m 4.310 ms - -[0m
2021-04-02 00:39:54 info: [0mGET /api-docs/swagger-ui-init.js [32m200[0m 2.497 ms - -[0m
2021-04-02 00:39:54 info: [0mGET /api-docs/swagger-ui.css [32m200[0m 5.301 ms - -[0m
2021-04-02 00:39:54 info: [0mGET /api-docs/swagger-ui-standalone-preset.js [32m200[0m 7.840 ms - -[0m
2021-04-02 00:39:54 info: [0mGET /api-docs/swagger-ui-bundle.js [32m200[0m 8.426 ms - -[0m
2021-04-02 00:39:55 info: [0mGET /api-docs/favicon-32x32.png [32m200[0m 1.085 ms - 628[0m
2021-04-02 00:40:29 info: [0mGET /api-docs/ [36m304[0m 1.073 ms - -[0m
2021-04-02 00:40:29 info: [0mGET /users [0m-[0m - ms - -[0m
2021-04-02 00:40:30 info: [0mGET /api-docs/swagger-ui.css [36m304[0m 1.579 ms - -[0m
2021-04-02 00:40:30 info: [0mGET /api-docs/swagger-ui-bundle.js [36m304[0m 1.651 ms - -[0m
2021-04-02 00:40:30 info: [0mGET /api-docs/swagger-ui-init.js [36m304[0m 0.696 ms - -[0m
2021-04-02 00:40:30 info: [0mGET /api-docs/swagger-ui-standalone-preset.js [36m304[0m 2.881 ms - -[0m
2021-04-02 00:40:34 info: [0mGET / [36m304[0m 0.318 ms - -[0m
2021-04-02 00:40:44 info: 🚀 App listening on the port 3000
2021-04-02 00:41:15 error: 🔴 Unable to connect to the database: MongooseServerSelectionError: Could not connect to any servers in your MongoDB Atlas cluster. One common reason is that you're trying to access the database from an IP that isn't whitelisted. Make sure your current IP address is on your Atlas cluster's IP whitelist: https://docs.atlas.mongodb.com/security-whitelist/.
2021-04-02 00:47:30 info: 🚀 App listening on the port 3000
2021-04-02 00:47:31 info: 🟢 The database is connected.
2021-04-02 00:48:46 info: 🚀 App listening on the port 3000
2021-04-02 00:48:47 info: 🟢 The database is connected.
2021-04-02 00:49:22 info: 🚀 App listening on the port 3000
2021-04-02 00:49:22 error: 🔴 Unable to connect to the database: MongoParseError: Invalid connection string.
2021-04-02 00:50:55 info: 🚀 App listening on the port 3000
2021-04-02 00:50:55 error: 🔴 Unable to connect to the database: MongoParseError: Invalid connection string.
2021-04-02 00:51:38 info: 🚀 App listening on the port 3000
2021-04-02 00:51:40 info: 🟢 The database is connected.
2021-04-02 00:54:21 info: 🚀 App listening on the port 3000
2021-04-02 00:54:23 info: 🚀 App listening on the port 3000
2021-04-02 00:54:24 info: 🟢 The database is connected.
2021-04-02 01:00:13 info: 🚀 App listening on the port 3000
2021-04-02 01:00:13 error: 🔴 Unable to connect to the database: MongoParseError: Invalid connection string.
2021-04-02 01:00:28 info: 🚀 App listening on the port 3000
2021-04-02 01:00:30 info: 🟢 The database is connected.
2021-04-02 01:16:08 info: 🚀 App listening on the port 3000
2021-04-02 01:16:09 info: 🟢 The database is connected.
2021-04-02 01:16:40 info: 🚀 App listening on the port 3000
2021-04-02 01:16:41 info: 🟢 The database is connected.
2021-04-02 01:18:34 info: 🚀 App listening on the port 3000
2021-04-02 01:18:36 info: 🟢 The database is connected.
2021-04-02 01:19:54 info: 🚀 App listening on the port 3000
2021-04-02 01:19:55 info: 🟢 The database is connected.
