2021-04-02 00:19:57 error: uncaughtException: listen EADDRINUSE: address already in use :::3000
Error: listen EADDRINUSE: address already in use :::3000
    at Server.setupListenHandle [as _listen2] (net.js:1226:14)
    at listenInCluster (net.js:1274:12)
    at Server.listen (net.js:1362:7)
    at Function.listen (/Users/luismanzanero/Projects/EcoCrypt/webApi/node_modules/express/lib/application.js:618:24)
    at App.listen (/Users/luismanzanero/Projects/EcoCrypt/webApi/build/app.js:31:18)
    at Object.<anonymous> (/Users/luismanzanero/Projects/EcoCrypt/webApi/build/server.js:14:5)
    at Module._compile (internal/modules/cjs/loader.js:759:30)
    at Object.Module._extensions..js (internal/modules/cjs/loader.js:770:10)
    at Module.load (internal/modules/cjs/loader.js:628:32)
    at Function.Module._load (internal/modules/cjs/loader.js:555:12)
    at Function.Module.runMain (internal/modules/cjs/loader.js:824:10)
    at internal/main/run_main_module.js:17:11
2021-04-02 00:20:48 error: uncaughtException: listen EADDRINUSE: address already in use :::3000
Error: listen EADDRINUSE: address already in use :::3000
    at Server.setupListenHandle [as _listen2] (net.js:1226:14)
    at listenInCluster (net.js:1274:12)
    at Server.listen (net.js:1362:7)
    at Function.listen (/Users/luismanzanero/Projects/EcoCrypt/webApi/node_modules/express/lib/application.js:618:24)
    at App.listen (/Users/luismanzanero/Projects/EcoCrypt/webApi/build/app.js:31:18)
    at Object.<anonymous> (/Users/luismanzanero/Projects/EcoCrypt/webApi/build/server.js:14:5)
    at Module._compile (internal/modules/cjs/loader.js:759:30)
    at Object.Module._extensions..js (internal/modules/cjs/loader.js:770:10)
    at Module.load (internal/modules/cjs/loader.js:628:32)
    at Function.Module._load (internal/modules/cjs/loader.js:555:12)
    at Function.Module.runMain (internal/modules/cjs/loader.js:824:10)
    at internal/main/run_main_module.js:17:11
2021-04-02 00:29:54 error: uncaughtException: listen EADDRINUSE: address already in use :::3000
Error: listen EADDRINUSE: address already in use :::3000
    at Server.setupListenHandle [as _listen2] (net.js:1226:14)
    at listenInCluster (net.js:1274:12)
    at Server.listen (net.js:1362:7)
    at Function.listen (/Users/luismanzanero/Projects/EcoCrypt/webApi/node_modules/express/lib/application.js:618:24)
    at App.listen (/Users/luismanzanero/Projects/EcoCrypt/webApi/build/app.js:31:18)
    at Object.<anonymous> (/Users/luismanzanero/Projects/EcoCrypt/webApi/build/server.js:14:5)
    at Module._compile (internal/modules/cjs/loader.js:759:30)
    at Object.Module._extensions..js (internal/modules/cjs/loader.js:770:10)
    at Module.load (internal/modules/cjs/loader.js:628:32)
    at Function.Module._load (internal/modules/cjs/loader.js:555:12)
    at Function.Module.runMain (internal/modules/cjs/loader.js:824:10)
    at internal/main/run_main_module.js:17:11
